<?xml version="1.0" encoding="UTF-8" ?>
<testsuite tests="4" failures="0" name="com.discountcalculator.discount.ProductTest" time="0.017" errors="0" skipped="0">
  <properties>
[...]
</properties>
  <testcase classname="com.discountcalculator.discount.ProductTest" name="testGetCalculatedDiscount" time="0.01"/>
  <testcase classname="com.discountcalculator.discount.ProductTest" name="testGetBrand" time="0.002"/>
  <testcase classname="com.discountcalculator.discount.ProductTest" name="testGetPrice" time="0.001"/>
  <testcase classname="com.discountcalculator.discount.ProductTest" name="testGetCategory" time="0.004"/>
</testsuite>